<?xml version="1.0" encoding="UTF-8"?>
<testsuite name="com.bridgelabz.CensusAnalyserTest" tests="1" skipped="0" failures="0" errors="0" timestamp="2021-06-20T03:28:29" hostname="DESKTOP-T79M02P" time="0.009">
  <properties/>
  <testcase name="givenIndianStateCodeCSVFileReturnsCorrectRecords" classname="com.bridgelabz.CensusAnalyserTest" time="0.009"/>
  <system-out><![CDATA[]]></system-out>
  <system-err><![CDATA[]]></system-err>
</testsuite>
