<?xml version="1.0" encoding="UTF-8"?>
<testsuite name="com.bridgelabz.CensusAnalyserTest" tests="1" skipped="0" failures="0" errors="0" timestamp="2021-06-20T02:27:31" hostname="DESKTOP-T79M02P" time="0.029">
  <properties/>
  <testcase name="givenWrongFilePthThrowCustomException" classname="com.bridgelabz.CensusAnalyserTest" time="0.029"/>
  <system-out><![CDATA[NOT_A_CSV_TYPE
]]></system-out>
  <system-err><![CDATA[]]></system-err>
</testsuite>
